<?xml version="1.0" encoding="UTF-8"?>
<testng-results ignored="0" total="1" passed="1" failed="0" skipped="0">
  <reporter-output>
  </reporter-output>
  <suite started-at="2024-10-07T11:51:12 IST" name="Suite" finished-at="2024-10-07T11:51:24 IST" duration-ms="11630">
    <groups>
      <group name="Master">
        <method signature="TC001_AccountRegistrationTest.verify_Account_Registration()[pri:0, instance:testCases.TC001_AccountRegistrationTest@c2db68f]" name="verify_Account_Registration" class="testCases.TC001_AccountRegistrationTest"/>
      </group> <!-- Master -->
      <group name="Regression">
        <method signature="TC001_AccountRegistrationTest.verify_Account_Registration()[pri:0, instance:testCases.TC001_AccountRegistrationTest@c2db68f]" name="verify_Account_Registration" class="testCases.TC001_AccountRegistrationTest"/>
      </group> <!-- Regression -->
    </groups>
    <test started-at="2024-10-07T11:51:12 IST" name="ChromeTest" finished-at="2024-10-07T11:51:24 IST" duration-ms="11630">
      <class name="testCases.TC001_AccountRegistrationTest">
        <test-method is-config="true" signature="setUp(java.lang.String,java.lang.String)[pri:0, instance:testCases.TC001_AccountRegistrationTest@c2db68f]" started-at="2024-10-07T11:51:12 IST" name="setUp" finished-at="2024-10-07T11:51:20 IST" duration-ms="8046" status="PASS">
          <params>
            <param index="0">
              <value>
                <![CDATA[windows]]>
              </value>
            </param>
            <param index="1">
              <value>
                <![CDATA[chrome]]>
              </value>
            </param>
          </params>
          <reporter-output>
          </reporter-output>
        </test-method> <!-- setUp -->
        <test-method signature="verify_Account_Registration()[pri:0, instance:testCases.TC001_AccountRegistrationTest@c2db68f]" started-at="2024-10-07T11:51:20 IST" name="verify_Account_Registration" finished-at="2024-10-07T11:51:23 IST" duration-ms="3098" status="PASS">
          <reporter-output>
          </reporter-output>
        </test-method> <!-- verify_Account_Registration -->
        <test-method is-config="true" signature="tearDowntest()[pri:0, instance:testCases.TC001_AccountRegistrationTest@c2db68f]" started-at="2024-10-07T11:51:24 IST" name="tearDowntest" finished-at="2024-10-07T11:51:24 IST" duration-ms="263" status="PASS">
          <reporter-output>
          </reporter-output>
        </test-method> <!-- tearDowntest -->
      </class> <!-- testCases.TC001_AccountRegistrationTest -->
    </test> <!-- ChromeTest -->
  </suite> <!-- Suite -->
</testng-results>
